# JRE version: Java(TM) SE Runtime Environment (8.0_112-b15) (build 1.8.0_112-b15)
# Java VM: Java HotSpot(TM) 64-Bit Server VM (25.112-b15 mixed mode windows-amd64 compressed oops)
Heap:
 PSYoungGen      total 141312K, used 20706K [0x00000000d5900000, 0x00000000df000000, 0x0000000100000000)
  eden space 128000K, 16% used [0x00000000d5900000,0x00000000d6d38bb8,0x00000000dd600000)
  from space 13312K, 0% used [0x00000000de300000,0x00000000de300000,0x00000000df000000)
  to   space 5120K, 0% used [0x00000000ddb00000,0x00000000ddb00000,0x00000000de000000)
 ParOldGen       total 119296K, used 26681K [0x0000000080a00000, 0x0000000087e80000, 0x00000000d5900000)
  object space 119296K, 22% used [0x0000000080a00000,0x000000008240e5b8,0x0000000087e80000)
 Metaspace       used 42705K, capacity 44054K, committed 44592K, reserved 1095680K
  class space    used 5424K, capacity 5818K, committed 5936K, reserved 1048576K
GC Heap History (10 events):
Event: 3.842 GC heap before
{Heap before GC invocations=5 (full 1):
 PSYoungGen      total 71680K, used 66560K [0x00000000d5900000, 0x00000000de500000, 0x0000000100000000)
  eden space 66560K, 100% used [0x00000000d5900000,0x00000000d9a00000,0x00000000d9a00000)
  from space 5120K, 0% used [0x00000000d9a00000,0x00000000d9a00000,0x00000000d9f00000)
  to   space 5120K, 0% used [0x00000000de000000,0x00000000de000000,0x00000000de500000)
 ParOldGen       total 78848K, used 16564K [0x0000000080a00000, 0x0000000085700000, 0x00000000d5900000)
  object space 78848K, 21% used [0x0000000080a00000,0x0000000081a2d008,0x0000000085700000)
 Metaspace       used 29735K, capacity 30778K, committed 31024K, reserved 1077248K
  class space    used 3742K, capacity 4052K, committed 4144K, reserved 1048576K
Event: 3.848 GC heap after
Heap after GC invocations=5 (full 1):
 PSYoungGen      total 94720K, used 5117K [0x00000000d5900000, 0x00000000de500000, 0x0000000100000000)
  eden space 89600K, 0% used [0x00000000d5900000,0x00000000d5900000,0x00000000db080000)
  from space 5120K, 99% used [0x00000000de000000,0x00000000de4ff600,0x00000000de500000)
  to   space 5120K, 0% used [0x00000000ddb00000,0x00000000ddb00000,0x00000000de000000)
 ParOldGen       total 78848K, used 16580K [0x0000000080a00000, 0x0000000085700000, 0x00000000d5900000)
  object space 78848K, 21% used [0x0000000080a00000,0x0000000081a31008,0x0000000085700000)
 Metaspace       used 29735K, capacity 30778K, committed 31024K, reserved 1077248K
  class space    used 3742K, capacity 4052K, committed 4144K, reserved 1048576K
}
Event: 4.039 GC heap before
{Heap before GC invocations=6 (full 1):
 PSYoungGen      total 94720K, used 51617K [0x00000000d5900000, 0x00000000de500000, 0x0000000100000000)
  eden space 89600K, 51% used [0x00000000d5900000,0x00000000d86690d8,0x00000000db080000)
  from space 5120K, 99% used [0x00000000de000000,0x00000000de4ff600,0x00000000de500000)
  to   space 5120K, 0% used [0x00000000ddb00000,0x00000000ddb00000,0x00000000de000000)
 ParOldGen       total 78848K, used 16580K [0x0000000080a00000, 0x0000000085700000, 0x00000000d5900000)
  object space 78848K, 21% used [0x0000000080a00000,0x0000000081a31008,0x0000000085700000)
 Metaspace       used 34242K, capacity 35372K, committed 35496K, reserved 1081344K
  class space    used 4302K, capacity 4645K, committed 4656K, reserved 1048576K
Event: 4.045 GC heap after
Heap after GC invocations=6 (full 1):
 PSYoungGen      total 133120K, used 5103K [0x00000000d5900000, 0x00000000df000000, 0x0000000100000000)
  eden space 128000K, 0% used [0x00000000d5900000,0x00000000d5900000,0x00000000dd600000)
  from space 5120K, 99% used [0x00000000ddb00000,0x00000000ddffbdb0,0x00000000de000000)
  to   space 13312K, 0% used [0x00000000de300000,0x00000000de300000,0x00000000df000000)
 ParOldGen       total 78848K, used 18134K [0x0000000080a00000, 0x0000000085700000, 0x00000000d5900000)
  object space 78848K, 22% used [0x0000000080a00000,0x0000000081bb5a10,0x0000000085700000)
 Metaspace       used 34242K, capacity 35372K, committed 35496K, reserved 1081344K
  class space    used 4302K, capacity 4645K, committed 4656K, reserved 1048576K
}
Event: 4.045 GC heap before
{Heap before GC invocations=7 (full 2):
 PSYoungGen      total 133120K, used 5103K [0x00000000d5900000, 0x00000000df000000, 0x0000000100000000)
  eden space 128000K, 0% used [0x00000000d5900000,0x00000000d5900000,0x00000000dd600000)
  from space 5120K, 99% used [0x00000000ddb00000,0x00000000ddffbdb0,0x00000000de000000)
  to   space 13312K, 0% used [0x00000000de300000,0x00000000de300000,0x00000000df000000)
 ParOldGen       total 78848K, used 18134K [0x0000000080a00000, 0x0000000085700000, 0x00000000d5900000)
  object space 78848K, 22% used [0x0000000080a00000,0x0000000081bb5a10,0x0000000085700000)
 Metaspace       used 34242K, capacity 35372K, committed 35496K, reserved 1081344K
  class space    used 4302K, capacity 4645K, committed 4656K, reserved 1048576K
Event: 4.089 GC heap after
Heap after GC invocations=7 (full 2):
 PSYoungGen      total 133120K, used 0K [0x00000000d5900000, 0x00000000df000000, 0x0000000100000000)
  eden space 128000K, 0% used [0x00000000d5900000,0x00000000d5900000,0x00000000dd600000)
  from space 5120K, 0% used [0x00000000ddb00000,0x00000000ddb00000,0x00000000de000000)
  to   space 13312K, 0% used [0x00000000de300000,0x00000000de300000,0x00000000df000000)
 ParOldGen       total 119296K, used 21025K [0x0000000080a00000, 0x0000000087e80000, 0x00000000d5900000)
  object space 119296K, 17% used [0x0000000080a00000,0x0000000081e88430,0x0000000087e80000)
 Metaspace       used 34242K, capacity 35372K, committed 35496K, reserved 1081344K
  class space    used 4302K, capacity 4645K, committed 4656K, reserved 1048576K
}
Event: 4.419 GC heap before
{Heap before GC invocations=8 (full 2):
 PSYoungGen      total 133120K, used 91055K [0x00000000d5900000, 0x00000000df000000, 0x0000000100000000)
  eden space 128000K, 71% used [0x00000000d5900000,0x00000000db1ebc00,0x00000000dd600000)
  from space 5120K, 0% used [0x00000000ddb00000,0x00000000ddb00000,0x00000000de000000)
  to   space 13312K, 0% used [0x00000000de300000,0x00000000de300000,0x00000000df000000)
 ParOldGen       total 119296K, used 21025K [0x0000000080a00000, 0x0000000087e80000, 0x00000000d5900000)
  object space 119296K, 17% used [0x0000000080a00000,0x0000000081e88430,0x0000000087e80000)
 Metaspace       used 41256K, capacity 42494K, committed 42800K, reserved 1091584K
  class space    used 5229K, capacity 5582K, committed 5680K, reserved 1048576K
Event: 4.427 GC heap after
Heap after GC invocations=8 (full 2):
 PSYoungGen      total 141312K, used 8099K [0x00000000d5900000, 0x00000000df000000, 0x0000000100000000)
  eden space 128000K, 0% used [0x00000000d5900000,0x00000000d5900000,0x00000000dd600000)
  from space 13312K, 60% used [0x00000000de300000,0x00000000deae8e58,0x00000000df000000)
  to   space 5120K, 0% used [0x00000000ddb00000,0x00000000ddb00000,0x00000000de000000)
 ParOldGen       total 119296K, used 21097K [0x0000000080a00000, 0x0000000087e80000, 0x00000000d5900000)
  object space 119296K, 17% used [0x0000000080a00000,0x0000000081e9a440,0x0000000087e80000)
 Metaspace       used 41256K, capacity 42494K, committed 42800K, reserved 1091584K
  class space    used 5229K, capacity 5582K, committed 5680K, reserved 1048576K
}
Event: 4.427 GC heap before
{Heap before GC invocations=9 (full 3):
 PSYoungGen      total 141312K, used 8099K [0x00000000d5900000, 0x00000000df000000, 0x0000000100000000)
  eden space 128000K, 0% used [0x00000000d5900000,0x00000000d5900000,0x00000000dd600000)
  from space 13312K, 60% used [0x00000000de300000,0x00000000deae8e58,0x00000000df000000)
  to   space 5120K, 0% used [0x00000000ddb00000,0x00000000ddb00000,0x00000000de000000)
 ParOldGen       total 119296K, used 21097K [0x0000000080a00000, 0x0000000087e80000, 0x00000000d5900000)
  object space 119296K, 17% used [0x0000000080a00000,0x0000000081e9a440,0x0000000087e80000)
 Metaspace       used 41256K, capacity 42494K, committed 42800K, reserved 1091584K
  class space    used 5229K, capacity 5582K, committed 5680K, reserved 1048576K
Event: 4.532 GC heap after
Heap after GC invocations=9 (full 3):
 PSYoungGen      total 141312K, used 0K [0x00000000d5900000, 0x00000000df000000, 0x0000000100000000)
  eden space 128000K, 0% used [0x00000000d5900000,0x00000000d5900000,0x00000000dd600000)
  from space 13312K, 0% used [0x00000000de300000,0x00000000de300000,0x00000000df000000)
  to   space 5120K, 0% used [0x00000000ddb00000,0x00000000ddb00000,0x00000000de000000)
 ParOldGen       total 119296K, used 26681K [0x0000000080a00000, 0x0000000087e80000, 0x00000000d5900000)
  object space 119296K, 22% used [0x0000000080a00000,0x000000008240e5b8,0x0000000087e80000)
 Metaspace       used 41256K, capacity 42494K, committed 42800K, reserved 1089536K
  class space    used 5229K, capacity 5582K, committed 5680K, reserved 1048576K
}

